0 info it worked if it ends with ok
1 verbose cli [ 'C:\\Program Files\\nodejs\\node.exe',
1 verbose cli   'C:\\Users\\Chocolate Moon\\AppData\\Roaming\\npm\\node_modules\\npm\\bin\\npm-cli.js',
1 verbose cli   'start' ]
2 info using npm@4.0.3
3 info using node@v6.9.1
4 verbose stack Error: Invalid name: "Final Project Tamagotchi"
4 verbose stack     at ensureValidName (C:\Users\Chocolate Moon\AppData\Roaming\npm\node_modules\npm\node_modules\normalize-package-data\lib\fixer.js:336:15)
4 verbose stack     at Object.fixNameField (C:\Users\Chocolate Moon\AppData\Roaming\npm\node_modules\npm\node_modules\normalize-package-data\lib\fixer.js:215:5)
4 verbose stack     at C:\Users\Chocolate Moon\AppData\Roaming\npm\node_modules\npm\node_modules\normalize-package-data\lib\normalize.js:32:38
4 verbose stack     at Array.forEach (native)
4 verbose stack     at normalize (C:\Users\Chocolate Moon\AppData\Roaming\npm\node_modules\npm\node_modules\normalize-package-data\lib\normalize.js:31:15)
4 verbose stack     at final (C:\Users\Chocolate Moon\AppData\Roaming\npm\node_modules\npm\node_modules\read-package-json\read-json.js:349:5)
4 verbose stack     at then (C:\Users\Chocolate Moon\AppData\Roaming\npm\node_modules\npm\node_modules\read-package-json\read-json.js:124:5)
4 verbose stack     at C:\Users\Chocolate Moon\AppData\Roaming\npm\node_modules\npm\node_modules\read-package-json\read-json.js:311:12
4 verbose stack     at C:\Users\Chocolate Moon\AppData\Roaming\npm\node_modules\npm\node_modules\graceful-fs\graceful-fs.js:78:16
4 verbose stack     at tryToString (fs.js:455:3)
5 verbose cwd C:\Users\Chocolate Moon\Documents\GitHub\final-project-tamagatchi-project
6 error Windows_NT 10.0.14393
7 error argv "C:\\Program Files\\nodejs\\node.exe" "C:\\Users\\Chocolate Moon\\AppData\\Roaming\\npm\\node_modules\\npm\\bin\\npm-cli.js" "start"
8 error node v6.9.1
9 error npm  v4.0.3
10 error Invalid name: "Final Project Tamagotchi"
11 error If you need help, you may report this error at:
11 error     <https://github.com/npm/npm/issues>
12 verbose exit [ 1, true ]
